<?xml version="1.0" encoding="UTF-8"?>
<!-- Generated by org.testng.reporters.JUnitReportReporter -->
<testsuite hostname="Jaffer-Macbook" failures="0" tests="2" name="com.ink.omnivex.APIMethodsTest" time="3.246" errors="0" timestamp="2021-01-06T23:47:50 GMT-05:00" skipped="0">
  <testcase classname="com.ink.omnivex.APIMethodsTest" name="postUsers" time="0.007"/>
  <system-out/>
  <testcase classname="com.ink.omnivex.APIMethodsTest" name="getUsers" time="3.239"/>
  <system-out/>
</testsuite> <!-- com.ink.omnivex.APIMethodsTest -->
