<?xml version="1.0" encoding="UTF-8"?>
<!-- Generated by org.testng.reporters.JUnitReportReporter -->
<testsuite hostname="Jaffer-Macbook" failures="0" tests="2" name="com.ink.omnivex.APIMethodsTest" time="2.572" errors="0" timestamp="2021-01-06T23:07:30 GMT-05:00" skipped="0">
  <testcase classname="com.ink.omnivex.APIMethodsTest" name="postUsers" time="0.000"/>
  <system-out/>
  <testcase classname="com.ink.omnivex.APIMethodsTest" name="getUsers" time="2.572"/>
  <system-out/>
</testsuite> <!-- com.ink.omnivex.APIMethodsTest -->
